[15-Dec-2019 03:32:25 UTC] デバッグ:未ログインユーザーです。
[15-Dec-2019 03:32:30 UTC] デバッグ:未ログインユーザーです。
[15-Dec-2019 03:32:30 UTC] デバッグ:クエリ成功02
[15-Dec-2019 03:32:30 UTC] デバッグ:パスワードがマッチ
[15-Dec-2019 03:32:30 UTC] デバッグ:ログイン保持チェックなし
[15-Dec-2019 03:32:30 UTC] デバッグ:セッション変数の中身：Array
(
    [login_data] => 1576380750
    [login_limit] => 3600
    [user_id] => 5
)

[15-Dec-2019 03:32:30 UTC] デバッグ:未ログインユーザーです。
[15-Dec-2019 03:32:30 UTC] デバッグ:クエリ成功02
[15-Dec-2019 03:32:30 UTC] デバッグ:未ログインユーザーです。
[15-Dec-2019 03:34:00 UTC] デバッグ:未ログインユーザーです。
[15-Dec-2019 03:34:06 UTC] デバッグ:未ログインユーザーです。
[15-Dec-2019 03:34:06 UTC] デバッグ:クエリ成功02
[15-Dec-2019 03:34:07 UTC] デバッグ:パスワードがマッチ
[15-Dec-2019 03:34:07 UTC] デバッグ:ログイン保持チェックなし
[15-Dec-2019 03:34:07 UTC] デバッグ:セッション変数の中身：Array
(
    [login_data] => 1576380847
    [login_limit] => 3600
    [user_id] => 5
)

[15-Dec-2019 03:34:07 UTC] デバッグ:未ログインユーザーです。
[15-Dec-2019 03:34:07 UTC] デバッグ:クエリ成功02
[15-Dec-2019 03:34:07 UTC] デバッグ:未ログインユーザーです。
[15-Dec-2019 03:36:25 UTC] デバッグ:クエリ成功02
[15-Dec-2019 03:36:25 UTC] デバッグ:パスワードがアンマッチ
[15-Dec-2019 03:36:28 UTC] デバッグ:クエリ成功02
[15-Dec-2019 03:36:28 UTC] デバッグ:パスワードがマッチ
[15-Dec-2019 03:36:28 UTC] デバッグ:ログイン保持チェックなし
[15-Dec-2019 03:36:28 UTC] デバッグ:セッション変数の中身：Array
(
    [login_data] => 1576380988
    [login_limit] => 3600
    [user_id] => 5
)

[15-Dec-2019 03:36:28 UTC] デバッグ:クエリ成功02
[15-Dec-2019 03:37:31 UTC] デバッグ:ユーザー情報取得
[15-Dec-2019 03:37:31 UTC] デバッグ:クエリ成功02
[15-Dec-2019 03:37:31 UTC] デバッグ:取得したユーザー:Array
(
    [id] => 5
    [pic] => img/ae8a90e7166ad9fce65373fb6642fe0a2d5738a2.png
    [username] =>  apple
    [email] => aaa@gmail.com
    [tel] => 1234567890
    [myself] => よろしくお願いします。
    [password] => $2y$10$GO51g1M3BYkrV07aYSm3UuUIj6Q7xUOia69QffJ6xerh8pDEnaxBW
    [delete_flg] => 0
    [create_date] => 2019-12-13 14:31:54
    [login_time] => 2019-12-13
)

[15-Dec-2019 03:37:33 UTC] デバッグ:クエリ成功02
[15-Dec-2019 03:37:35 UTC] デバッグ:未ログインユーザーです。
[15-Dec-2019 03:37:35 UTC] デバッグ:クエリ成功02
[15-Dec-2019 03:37:58 UTC] デバッグ:クエリ成功02
[15-Dec-2019 03:37:58 UTC] デバッグ:パスワードがマッチ
[15-Dec-2019 03:37:58 UTC] デバッグ:ログイン保持チェックなし
[15-Dec-2019 03:37:58 UTC] デバッグ:セッション変数の中身：Array
(
    [login_data] => 1576381078
    [login_limit] => 3600
    [user_id] => 5
)

[15-Dec-2019 03:37:58 UTC] デバッグ:未ログインユーザーです。
[15-Dec-2019 03:37:58 UTC] デバッグ:クエリ成功02
[15-Dec-2019 03:38:20 UTC] デバッグ:クエリ成功02
[15-Dec-2019 03:38:21 UTC] デバッグ:パスワードがマッチ
[15-Dec-2019 03:38:21 UTC] デバッグ:ログイン保持チェックなし
[15-Dec-2019 03:38:21 UTC] デバッグ:セッション変数の中身：Array
(
    [login_data] => 1576381101
    [login_limit] => 3600
    [user_id] => 5
)

[15-Dec-2019 03:38:21 UTC] デバッグ:クエリ成功02
[15-Dec-2019 03:38:25 UTC] デバッグ:クエリ成功02
[15-Dec-2019 06:05:37 UTC] デバッグ:クエリ成功02
[15-Dec-2019 06:05:39 UTC] デバッグ:ユーザー情報取得
[15-Dec-2019 06:05:39 UTC] デバッグ:クエリ成功02
[15-Dec-2019 06:05:39 UTC] デバッグ:取得したユーザー:Array
(
    [id] => 5
    [pic] => img/ae8a90e7166ad9fce65373fb6642fe0a2d5738a2.png
    [username] =>  apple
    [email] => aaa@gmail.com
    [tel] => 1234567890
    [myself] => よろしくお願いします。
    [password] => $2y$10$GO51g1M3BYkrV07aYSm3UuUIj6Q7xUOia69QffJ6xerh8pDEnaxBW
    [delete_flg] => 0
    [create_date] => 2019-12-13 14:31:54
    [login_time] => 2019-12-13
)

[15-Dec-2019 06:05:41 UTC] デバッグ:クエリ成功02
[15-Dec-2019 06:05:43 UTC] デバッグ:ユーザー情報取得
[15-Dec-2019 06:05:43 UTC] デバッグ:クエリ成功02
[15-Dec-2019 06:05:43 UTC] デバッグ:取得したユーザー:Array
(
    [id] => 5
    [pic] => img/ae8a90e7166ad9fce65373fb6642fe0a2d5738a2.png
    [username] =>  apple
    [email] => aaa@gmail.com
    [tel] => 1234567890
    [myself] => よろしくお願いします。
    [password] => $2y$10$GO51g1M3BYkrV07aYSm3UuUIj6Q7xUOia69QffJ6xerh8pDEnaxBW
    [delete_flg] => 0
    [create_date] => 2019-12-13 14:31:54
    [login_time] => 2019-12-13
)

[15-Dec-2019 06:07:43 UTC] デバッグ:クエリ成功02
[15-Dec-2019 06:07:45 UTC] デバッグ:ユーザー情報取得
[15-Dec-2019 06:07:45 UTC] デバッグ:クエリ成功02
[15-Dec-2019 06:07:45 UTC] デバッグ:取得したユーザー:Array
(
    [id] => 5
    [pic] => img/ae8a90e7166ad9fce65373fb6642fe0a2d5738a2.png
    [username] =>  apple
    [email] => aaa@gmail.com
    [tel] => 1234567890
    [myself] => よろしくお願いします。
    [password] => $2y$10$GO51g1M3BYkrV07aYSm3UuUIj6Q7xUOia69QffJ6xerh8pDEnaxBW
    [delete_flg] => 0
    [create_date] => 2019-12-13 14:31:54
    [login_time] => 2019-12-13
)

[15-Dec-2019 06:07:47 UTC] デバッグ:クエリ成功02
[15-Dec-2019 06:08:59 UTC] デバッグ:クエリ成功02
[15-Dec-2019 06:09:06 UTC] デバッグ:ユーザー情報取得
[15-Dec-2019 06:09:06 UTC] デバッグ:クエリ成功02
[15-Dec-2019 06:09:06 UTC] デバッグ:取得したユーザー:Array
(
    [id] => 5
    [pic] => img/ae8a90e7166ad9fce65373fb6642fe0a2d5738a2.png
    [username] =>  apple
    [email] => aaa@gmail.com
    [tel] => 1234567890
    [myself] => よろしくお願いします。
    [password] => $2y$10$GO51g1M3BYkrV07aYSm3UuUIj6Q7xUOia69QffJ6xerh8pDEnaxBW
    [delete_flg] => 0
    [create_date] => 2019-12-13 14:31:54
    [login_time] => 2019-12-13
)

[15-Dec-2019 06:09:09 UTC] デバッグ:クエリ成功02
[15-Dec-2019 06:14:23 UTC] デバッグ:ログアウト
[15-Dec-2019 06:14:28 UTC] デバッグ:クエリ成功02
[15-Dec-2019 06:14:28 UTC] デバッグ:パスワードがマッチ
[15-Dec-2019 06:14:28 UTC] デバッグ:ログイン保持チェックなし
[15-Dec-2019 06:14:28 UTC] デバッグ:セッション変数の中身：Array
(
    [login_data] => 1576390468
    [login_limit] => 3600
    [user_id] => 5
)

[15-Dec-2019 06:14:28 UTC] デバッグ:クエリ成功02
[15-Dec-2019 06:18:32 UTC] デバッグ:クエリ成功02
[15-Dec-2019 06:20:19 UTC] デバッグ:クエリ成功02
[15-Dec-2019 06:20:23 UTC] デバッグ:ユーザー情報取得
[15-Dec-2019 06:20:23 UTC] デバッグ:クエリ成功02
[15-Dec-2019 06:20:23 UTC] デバッグ:取得したユーザー:Array
(
    [id] => 5
    [pic] => img/ae8a90e7166ad9fce65373fb6642fe0a2d5738a2.png
    [username] =>  apple
    [email] => aaa@gmail.com
    [tel] => 1234567890
    [myself] => よろしくお願いします。
    [password] => $2y$10$GO51g1M3BYkrV07aYSm3UuUIj6Q7xUOia69QffJ6xerh8pDEnaxBW
    [delete_flg] => 0
    [create_date] => 2019-12-13 14:31:54
    [login_time] => 2019-12-13
)

[15-Dec-2019 06:20:25 UTC] デバッグ:クエリ成功02
[15-Dec-2019 06:21:57 UTC] デバッグ:クエリ成功02
[15-Dec-2019 06:21:59 UTC] デバッグ:ユーザー情報取得
[15-Dec-2019 06:21:59 UTC] デバッグ:クエリ成功02
[15-Dec-2019 06:21:59 UTC] デバッグ:取得したユーザー:Array
(
    [id] => 5
    [pic] => img/ae8a90e7166ad9fce65373fb6642fe0a2d5738a2.png
    [username] =>  apple
    [email] => aaa@gmail.com
    [tel] => 1234567890
    [myself] => よろしくお願いします。
    [password] => $2y$10$GO51g1M3BYkrV07aYSm3UuUIj6Q7xUOia69QffJ6xerh8pDEnaxBW
    [delete_flg] => 0
    [create_date] => 2019-12-13 14:31:54
    [login_time] => 2019-12-13
)

[15-Dec-2019 06:22:01 UTC] デバッグ:クエリ成功02
[15-Dec-2019 06:22:23 UTC] デバッグ:クエリ成功02
[15-Dec-2019 06:25:04 UTC] デバッグ:クエリ成功02
[15-Dec-2019 06:25:11 UTC] デバッグ:ユーザー情報取得
[15-Dec-2019 06:25:11 UTC] デバッグ:クエリ成功02
[15-Dec-2019 06:25:11 UTC] デバッグ:取得したユーザー:Array
(
    [id] => 5
    [pic] => img/ae8a90e7166ad9fce65373fb6642fe0a2d5738a2.png
    [username] =>  apple
    [email] => aaa@gmail.com
    [tel] => 1234567890
    [myself] => よろしくお願いします。
    [password] => $2y$10$GO51g1M3BYkrV07aYSm3UuUIj6Q7xUOia69QffJ6xerh8pDEnaxBW
    [delete_flg] => 0
    [create_date] => 2019-12-13 14:31:54
    [login_time] => 2019-12-13
)

[15-Dec-2019 06:25:12 UTC] デバッグ:クエリ成功02
[15-Dec-2019 06:25:18 UTC] デバッグ:クエリ成功02
[15-Dec-2019 06:25:21 UTC] デバッグ:クエリ成功02
[15-Dec-2019 06:25:22 UTC] デバッグ:ユーザー情報取得
[15-Dec-2019 06:25:22 UTC] デバッグ:クエリ成功02
[15-Dec-2019 06:25:22 UTC] デバッグ:取得したユーザー:Array
(
    [id] => 5
    [pic] => img/ae8a90e7166ad9fce65373fb6642fe0a2d5738a2.png
    [username] =>  apple
    [email] => aaa@gmail.com
    [tel] => 1234567890
    [myself] => よろしくお願いします。
    [password] => $2y$10$GO51g1M3BYkrV07aYSm3UuUIj6Q7xUOia69QffJ6xerh8pDEnaxBW
    [delete_flg] => 0
    [create_date] => 2019-12-13 14:31:54
    [login_time] => 2019-12-13
)

[15-Dec-2019 06:25:23 UTC] デバッグ:クエリ成功02
[15-Dec-2019 06:25:52 UTC] デバッグ:クエリ成功02
[15-Dec-2019 06:25:52 UTC] PHP Notice:  Array to string conversion in /Applications/MAMP/htdocs/output_view/function.php on line 12
[15-Dec-2019 06:25:52 UTC] デバッグ:Array
[15-Dec-2019 06:26:48 UTC] デバッグ:クエリ成功02
[15-Dec-2019 06:26:48 UTC] PHP Warning:  Use of undefined constant print_r - assumed 'print_r' (this will throw an Error in a future version of PHP) in /Applications/MAMP/htdocs/output_view/mypage.php on line 8
[15-Dec-2019 06:26:48 UTC] PHP Notice:  Array to string conversion in /Applications/MAMP/htdocs/output_view/mypage.php on line 8
[15-Dec-2019 06:26:48 UTC] デバッグ:print_rArray
[15-Dec-2019 06:27:30 UTC] デバッグ:クエリ成功02
[15-Dec-2019 06:27:30 UTC] デバッグ:1
[15-Dec-2019 06:28:23 UTC] デバッグ:クエリ成功02
[15-Dec-2019 06:28:23 UTC] デバッグ:マイページ1
[15-Dec-2019 15:05:18 UTC] デバッグ:ユーザー情報取得
[15-Dec-2019 15:05:18 UTC] デバッグ:クエリ成功02
[15-Dec-2019 15:05:18 UTC] デバッグ:取得したユーザー:Array
(
    [id] => 5
    [pic] => img/ae8a90e7166ad9fce65373fb6642fe0a2d5738a2.png
    [username] =>  apple
    [email] => aaa@gmail.com
    [tel] => 1234567890
    [myself] => よろしくお願いします。
    [password] => $2y$10$GO51g1M3BYkrV07aYSm3UuUIj6Q7xUOia69QffJ6xerh8pDEnaxBW
    [delete_flg] => 0
    [create_date] => 2019-12-13 14:31:54
    [login_time] => 2019-12-13
)

[15-Dec-2019 15:05:26 UTC] デバッグ:クエリ成功02
[15-Dec-2019 15:05:26 UTC] デバッグ:マイページ1
[15-Dec-2019 15:05:28 UTC] デバッグ:クエリ成功02
[15-Dec-2019 15:05:31 UTC] デバッグ:クエリ成功02
[15-Dec-2019 15:05:31 UTC] デバッグ:マイページ1
[15-Dec-2019 15:15:30 UTC] デバッグ:クエリ成功02
[15-Dec-2019 15:15:30 UTC] デバッグ:マイページ1
[15-Dec-2019 15:19:19 UTC] デバッグ:クエリ成功02
[15-Dec-2019 15:19:19 UTC] デバッグ:マイページ1
[15-Dec-2019 15:19:20 UTC] デバッグ:クエリ成功02
[15-Dec-2019 15:19:20 UTC] デバッグ:マイページ1
[15-Dec-2019 15:20:24 UTC] デバッグ:クエリ成功02
[15-Dec-2019 15:20:24 UTC] デバッグ:マイページ1
[15-Dec-2019 15:22:27 UTC] デバッグ:クエリ成功02
[15-Dec-2019 15:22:27 UTC] デバッグ:マイページ1
[15-Dec-2019 15:27:05 UTC] デバッグ:クエリ成功02
[15-Dec-2019 15:27:05 UTC] デバッグ:マイページ1
[15-Dec-2019 15:31:46 UTC] デバッグ:クエリ成功02
[15-Dec-2019 15:31:46 UTC] デバッグ:マイページ1
[15-Dec-2019 15:32:19 UTC] デバッグ:クエリ成功02
[15-Dec-2019 15:32:51 UTC] デバッグ:ユーザー情報取得
[15-Dec-2019 15:32:51 UTC] デバッグ:クエリ成功02
[15-Dec-2019 15:32:51 UTC] デバッグ:取得したユーザー:Array
(
    [id] => 4
    [pic] => 
    [username] => 
    [email] => s-dr.7s_18-23.1229@ezweb.ne.jp
    [tel] => 
    [myself] => 
    [password] => $2y$10$PJ4iPeGOT2GPGheirZXWc.92psMJWoAXalyZQBea7Z5KQuqxaaxza
    [delete_flg] => 0
    [create_date] => 2019-12-13 13:31:42
    [login_time] => 2019-12-13
)

[15-Dec-2019 15:32:52 UTC] デバッグ:クエリ成功02
[15-Dec-2019 15:32:55 UTC] デバッグ:ログアウト
[15-Dec-2019 15:33:01 UTC] デバッグ:クエリ成功02
[15-Dec-2019 15:33:01 UTC] デバッグ:パスワードがマッチ
[15-Dec-2019 15:33:01 UTC] デバッグ:ログイン保持チェックなし
[15-Dec-2019 15:33:01 UTC] デバッグ:セッション変数の中身：Array
(
    [login_data] => 1576423981
    [login_limit] => 3600
    [user_id] => 5
)

[15-Dec-2019 15:33:01 UTC] デバッグ:クエリ成功02
[15-Dec-2019 15:33:04 UTC] デバッグ:ユーザー情報取得
[15-Dec-2019 15:33:04 UTC] デバッグ:クエリ成功02
[15-Dec-2019 15:33:04 UTC] デバッグ:取得したユーザー:Array
(
    [id] => 5
    [pic] => img/ae8a90e7166ad9fce65373fb6642fe0a2d5738a2.png
    [username] =>  apple
    [email] => aaa@gmail.com
    [tel] => 1234567890
    [myself] => よろしくお願いします。
    [password] => $2y$10$GO51g1M3BYkrV07aYSm3UuUIj6Q7xUOia69QffJ6xerh8pDEnaxBW
    [delete_flg] => 0
    [create_date] => 2019-12-13 14:31:54
    [login_time] => 2019-12-13
)

[15-Dec-2019 15:33:04 UTC] デバッグ:ログアウト
[15-Dec-2019 15:33:11 UTC] デバッグ:クエリ成功02
[15-Dec-2019 15:33:11 UTC] デバッグ:パスワードがマッチ
[15-Dec-2019 15:33:11 UTC] デバッグ:ログイン保持チェックなし
[15-Dec-2019 15:33:11 UTC] デバッグ:セッション変数の中身：Array
(
    [login_data] => 1576423991
    [login_limit] => 3600
    [user_id] => 6
)

[15-Dec-2019 15:33:11 UTC] デバッグ:クエリ成功02
[15-Dec-2019 15:34:10 UTC] デバッグ:クエリ成功02
[15-Dec-2019 15:34:14 UTC] デバッグ:ユーザー情報取得
[15-Dec-2019 15:34:14 UTC] デバッグ:クエリ成功02
[15-Dec-2019 15:34:14 UTC] デバッグ:取得したユーザー:Array
(
    [id] => 6
    [pic] => img/f98985b3255d62d5ae3042281183047acdc94175.png
    [username] =>   Y
    [email] => shibamoto.yuta@gmail.com
    [tel] => 0473664320
    [myself] => よろしくお願いします。
    [password] => $2y$10$oxBXbRpkwQXyO8wF4Zh7..a4HecoAun6FvSTTiXBcXGyBlCDUNgMu
    [delete_flg] => 0
    [create_date] => 2019-12-14 11:25:33
    [login_time] => 2019-12-14
)

[15-Dec-2019 15:34:16 UTC] デバッグ:クエリ成功02
[15-Dec-2019 15:34:19 UTC] デバッグ:クエリ成功02
[15-Dec-2019 15:34:55 UTC] デバッグ:クエリ成功02
[15-Dec-2019 15:34:55 UTC] デバッグ:画像アップロード処理
[15-Dec-2019 15:34:55 UTC] デバッグ:バリデーションOK（投稿）
[15-Dec-2019 15:34:55 UTC] デバッグ:クエリ成功02
[15-Dec-2019 15:34:55 UTC] デバッグ:クエリ成功02
[15-Dec-2019 15:36:14 UTC] デバッグ:クエリ成功02
[15-Dec-2019 15:36:15 UTC] デバッグ:クエリ成功02
[15-Dec-2019 15:36:28 UTC] デバッグ:クエリ成功02
[15-Dec-2019 15:36:34 UTC] デバッグ:ユーザー情報取得
[15-Dec-2019 15:36:34 UTC] デバッグ:クエリ成功02
[15-Dec-2019 15:36:34 UTC] デバッグ:取得したユーザー:Array
(
    [id] => 6
    [pic] => img/f98985b3255d62d5ae3042281183047acdc94175.png
    [username] =>   Y
    [email] => shibamoto.yuta@gmail.com
    [tel] => 0473664320
    [myself] => よろしくお願いします。
    [password] => $2y$10$oxBXbRpkwQXyO8wF4Zh7..a4HecoAun6FvSTTiXBcXGyBlCDUNgMu
    [delete_flg] => 0
    [create_date] => 2019-12-14 11:25:33
    [login_time] => 2019-12-14
)

[15-Dec-2019 15:36:36 UTC] デバッグ:クエリ成功02
[15-Dec-2019 15:36:36 UTC] デバッグ:クエリ成功02
